d:\c++\api\engine\directx\dx\project\client\x64\debug\client.res
d:\c++\api\engine\directx\dx\project\client\x64\debug\vc143.idb
d:\c++\api\engine\directx\dx\project\client\x64\debug\vc143.pdb
d:\c++\api\engine\directx\dx\outputfile\bin\debug\client_debug.pdb
d:\c++\api\engine\directx\dx\project\client\x64\debug\client.tlog\cl.command.1.tlog
d:\c++\api\engine\directx\dx\project\client\x64\debug\client.tlog\link-cvtres.read.1.tlog
d:\c++\api\engine\directx\dx\project\client\x64\debug\client.tlog\link-cvtres.write.1.tlog
d:\c++\api\engine\directx\dx\project\client\x64\debug\client.tlog\link-rc.read.1.tlog
d:\c++\api\engine\directx\dx\project\client\x64\debug\client.tlog\link-rc.write.1.tlog
d:\c++\api\engine\directx\dx\project\client\x64\debug\client.tlog\link.30692-cvtres.read.1.tlog
d:\c++\api\engine\directx\dx\project\client\x64\debug\client.tlog\link.30692-cvtres.write.1.tlog
d:\c++\api\engine\directx\dx\project\client\x64\debug\client.tlog\link.30692-rc.read.1.tlog
d:\c++\api\engine\directx\dx\project\client\x64\debug\client.tlog\link.30692-rc.write.1.tlog
d:\c++\api\engine\directx\dx\project\client\x64\debug\client.tlog\link.30692.read.1.tlog
d:\c++\api\engine\directx\dx\project\client\x64\debug\client.tlog\link.30692.read.2.tlog
d:\c++\api\engine\directx\dx\project\client\x64\debug\client.tlog\link.30692.write.1.tlog
d:\c++\api\engine\directx\dx\project\client\x64\debug\client.tlog\link.command.1.tlog
d:\c++\api\engine\directx\dx\project\client\x64\debug\client.tlog\link.read.1.tlog
d:\c++\api\engine\directx\dx\project\client\x64\debug\client.tlog\link.read.2.tlog
d:\c++\api\engine\directx\dx\project\client\x64\debug\client.tlog\link.write.1.tlog
d:\c++\api\engine\directx\dx\project\client\x64\debug\client.tlog\rc.command.1.tlog
d:\c++\api\engine\directx\dx\project\client\x64\debug\client.tlog\rc.read.1.tlog
d:\c++\api\engine\directx\dx\project\client\x64\debug\client.tlog\rc.write.1.tlog
