d:\c++\api\engine\directx12\dx12\project\engine\x64\debug\engine_debug.pch
d:\c++\api\engine\directx12\dx12\external\library\engine\engine_debug.pdb
d:\c++\api\engine\directx12\dx12\external\library\engine\engine_debug.idb
d:\c++\api\engine\directx12\dx12\project\engine\x64\debug\pch.obj
d:\c++\api\engine\directx12\dx12\project\engine\x64\debug\clight3d.obj
d:\c++\api\engine\directx12\dx12\project\engine\x64\debug\clayer.obj
d:\c++\api\engine\directx12\dx12\project\engine\x64\debug\ckeymgr.obj
d:\c++\api\engine\directx12\dx12\project\engine\x64\debug\cgraphicshader.obj
d:\c++\api\engine\directx12\dx12\project\engine\x64\debug\cgameobject.obj
d:\c++\api\engine\directx12\dx12\project\engine\x64\debug\cfbxloader.obj
d:\c++\api\engine\directx12\dx12\project\engine\x64\debug\centity.obj
d:\c++\api\engine\directx12\dx12\project\engine\x64\debug\cengine.obj
d:\c++\api\engine\directx12\dx12\project\engine\x64\debug\cdevice.obj
d:\c++\api\engine\directx12\dx12\project\engine\x64\debug\cdestroymgr.obj
d:\c++\api\engine\directx12\dx12\project\engine\x64\debug\cconstantbuffer.obj
d:\c++\api\engine\directx12\dx12\project\engine\x64\debug\ccomputeshader.obj
d:\c++\api\engine\directx12\dx12\project\engine\x64\debug\ccomponent.obj
d:\c++\api\engine\directx12\dx12\project\engine\x64\debug\ccamera.obj
d:\c++\api\engine\directx12\dx12\project\engine\x64\debug\cassetmgr_init.obj
d:\c++\api\engine\directx12\dx12\project\engine\x64\debug\cassetmgr.obj
d:\c++\api\engine\directx12\dx12\project\engine\x64\debug\casset.obj
d:\c++\api\engine\directx12\dx12\project\engine\x64\debug\canimcomputeshader.obj
d:\c++\api\engine\directx12\dx12\project\engine\x64\debug\canimator3d.obj
d:\c++\api\engine\directx12\dx12\project\engine\x64\debug\canimator2d.obj
d:\c++\api\engine\directx12\dx12\project\engine\x64\debug\global.obj
d:\c++\api\engine\directx12\dx12\project\engine\x64\debug\func.obj
d:\c++\api\engine\directx12\dx12\project\engine\x64\debug\extern.obj
d:\c++\api\engine\directx12\dx12\project\engine\x64\debug\ctransform.obj
d:\c++\api\engine\directx12\dx12\project\engine\x64\debug\ctimemgr.obj
d:\c++\api\engine\directx12\dx12\project\engine\x64\debug\ctexture.obj
d:\c++\api\engine\directx12\dx12\project\engine\x64\debug\cstructuredbuffer.obj
d:\c++\api\engine\directx12\dx12\project\engine\x64\debug\cskybox.obj
d:\c++\api\engine\directx12\dx12\project\engine\x64\debug\cshader.obj
d:\c++\api\engine\directx12\dx12\project\engine\x64\debug\cscript.obj
d:\c++\api\engine\directx12\dx12\project\engine\x64\debug\cscene.obj
d:\c++\api\engine\directx12\dx12\project\engine\x64\debug\crendermgr.obj
d:\c++\api\engine\directx12\dx12\project\engine\x64\debug\crenderer.obj
d:\c++\api\engine\directx12\dx12\project\engine\x64\debug\cpathmgr.obj
d:\c++\api\engine\directx12\dx12\project\engine\x64\debug\cmeshrenderer.obj
d:\c++\api\engine\directx12\dx12\project\engine\x64\debug\cmesh.obj
d:\c++\api\engine\directx12\dx12\project\engine\x64\debug\cmaterial.obj
d:\c++\api\engine\directx12\dx12\project\engine\x64\debug\clight2d.obj
d:\c++\api\engine\directx12\dx12\project\engine\x64\debug\cscenemgr.obj
d:\c++\api\engine\directx12\dx12\project\engine\x64\debug\rendermgr_init.obj
d:\c++\api\engine\directx12\dx12\project\engine\x64\debug\cmeshdata.obj
d:\c++\api\engine\directx12\dx12\project\engine\x64\debug\ctempscene.obj
d:\c++\api\engine\directx12\dx12\external\library\engine\animationcs.cso
d:\c++\api\engine\directx12\dx12\external\library\engine\defaultps2d.cso
d:\c++\api\engine\directx12\dx12\external\library\engine\defaultvs2d.cso
d:\c++\api\engine\directx12\dx12\external\library\engine\skyboxps.cso
d:\c++\api\engine\directx12\dx12\external\library\engine\skyboxvs.cso
d:\c++\api\engine\directx12\dx12\external\library\engine\cartoonps3d.cso
d:\c++\api\engine\directx12\dx12\external\library\engine\cartoonvs3d.cso
d:\c++\api\engine\directx12\dx12\external\library\engine\defaultvs3d.cso
d:\c++\api\engine\directx12\dx12\external\library\engine\defaultps3d.cso
d:\c++\api\engine\directx12\dx12\external\library\engine\engine_debug.lib
d:\c++\api\engine\directx12\dx12\project\engine\x64\debug\engine.tlog\cl.command.1.tlog
d:\c++\api\engine\directx12\dx12\project\engine\x64\debug\engine.tlog\cl.read.1.tlog
d:\c++\api\engine\directx12\dx12\project\engine\x64\debug\engine.tlog\cl.write.1.tlog
d:\c++\api\engine\directx12\dx12\project\engine\x64\debug\engine.tlog\fxc.command.1.tlog
d:\c++\api\engine\directx12\dx12\project\engine\x64\debug\engine.tlog\fxc.read.1.tlog
d:\c++\api\engine\directx12\dx12\project\engine\x64\debug\engine.tlog\fxc.write.1.tlog
d:\c++\api\engine\directx12\dx12\project\engine\x64\debug\engine.tlog\lib-link.read.1.tlog
d:\c++\api\engine\directx12\dx12\project\engine\x64\debug\engine.tlog\lib-link.write.1.tlog
d:\c++\api\engine\directx12\dx12\project\engine\x64\debug\engine.tlog\lib.command.1.tlog
