  .\Project\Engine\CAsset.h
  .\Project\Engine\CAssetMgr.h
  .\Project\Engine\CCamera.h
  .\Project\Engine\CComponent.h
  .\Project\Engine\CConstantBuffer.h
  .\Project\Engine\CDestroyMgr.h
  .\Project\Engine\CDevice.h
  .\Project\Engine\CEngine.h
  .\Project\Engine\CEntity.h
  .\Project\Engine\CGameObject.h
  .\Project\Engine\CGraphicShader.h
  .\Project\Engine\CKeyMgr.h
  .\Project\Engine\CLayer.h
  .\Project\Engine\CLight2D.h
  .\Project\Engine\CLight3D.h
  .\Project\Engine\CMaterial.h
  .\Project\Engine\CMesh.h
  .\Project\Engine\CMeshRenderer.h
  .\Project\Engine\Comp.h
  .\Project\Engine\CPathMgr.h
  .\Project\Engine\CRenderer.h
  .\Project\Engine\CRenderMgr.h
  .\Project\Engine\CScene.h
  .\Project\Engine\CSceneMgr.h
  .\Project\Engine\CScript.h
  .\Project\Engine\CShader.h
  .\Project\Engine\CStructuredBuffer.h
  .\Project\Engine\CTempScene.h
  .\Project\Engine\CTexture.h
  .\Project\Engine\CTimeMgr.h
  .\Project\Engine\CTransform.h
  .\Project\Engine\d3dx12.h
  .\Project\Engine\define.h
  .\Project\Engine\enum.h
  .\Project\Engine\Extern.h
  .\Project\Engine\func.h
  .\Project\Engine\global.h
  .\Project\Engine\Ptr.h
  .\Project\Engine\SimpleMath.h
  .\Project\Engine\singleton.h
  .\Project\Engine\struct.h
  41개 파일이 복사되었습니다.
  0개 파일이 복사되었습니다.
  파일을 찾을 수 없습니다-*.h
  .\Project\Engine\DefaultPS2D.hlsl
  .\Project\Engine\DefaultPS3D.hlsl
  .\Project\Engine\DefaultVS2D.hlsl
  .\Project\Engine\DefaultVS3D.hlsl
  4개 파일이 복사되었습니다.
  .\Project\Engine\func.hlsli
  .\Project\Engine\struct.hlsli
  2개 파일이 복사되었습니다.
  CTempScene.cpp
  Engien.vcxproj -> D:\C++\API\Engine\DirectX12\DX12\External\Library\Engine\Engine_Debug.lib
